1718722638,48,John.Wick.Chapter.4.2023.1080p.WEBRip.x264-RARBG,/home/sabari/Videos/John.Wick.Chapter.4.2023.1080p.WEBRip.x264-RARBG/John.Wick.Chapter.4.2023.1080p.WEBRip.x264-RARBG.mp4,184
1718722866,48,John.Wick.Chapter.4.2023.1080p.WEBRip.x264-RARBG,/home/sabari/Videos/John.Wick.Chapter.4.2023.1080p.WEBRip.x264-RARBG/John.Wick.Chapter.4.2023.1080p.WEBRip.x264-RARBG.mp4,184
1718816304,48,John.Wick.Chapter.4.2023.1080p.WEBRip.x264-RARBG,/home/sabari/Videos/John.Wick.Chapter.4.2023.1080p.WEBRip.x264-RARBG/John.Wick.Chapter.4.2023.1080p.WEBRip.x264-RARBG.mp4,184
1718817729,48,John.Wick.Chapter.4.2023.1080p.WEBRip.x264-RARBG,/home/sabari/Videos/John.Wick.Chapter.4.2023.1080p.WEBRip.x264-RARBG/John.Wick.Chapter.4.2023.1080p.WEBRip.x264-RARBG.mp4,184
1719240887,48,John.Wick.Chapter.4.2023.1080p.WEBRip.x264-RARBG,/run/media/sabari/Data/Sabari/John.Wick.Chapter.4.2023.1080p.WEBRip.x264-RARBG/John.Wick.Chapter.4.2023.1080p.WEBRip.x264-RARBG.mp4,194
1719242278,48,John.Wick.Chapter.4.2023.1080p.WEBRip.x264-RARBG,/run/media/sabari/Data/Sabari/John.Wick.Chapter.4.2023.1080p.WEBRip.x264-RARBG/John.Wick.Chapter.4.2023.1080p.WEBRip.x264-RARBG.mp4,194
1720346073,,,/home/sabari/Sabari/Education/College/Extracurriculars/Violin/Stage.mov,84
1720346086,,,/home/sabari/Sabari/Education/College/Extracurriculars/Violin/Stage.mp4,84
1720346089,,,/home/sabari/Sabari/Education/College/Extracurriculars/Violin/Stage.mp4,84
1720346099,,,/home/sabari/Sabari/Education/College/Extracurriculars/Violin/Stage.mp4,84
1720346129,,,/home/sabari/Sabari/Education/College/Extracurriculars/Violin/Stage.mp4,84
1720346136,,,/home/sabari/Sabari/Education/College/Extracurriculars/Violin/Stage.mov,84
1720527611,,,/home/sabari/Downloads/WhatsApp Audio 2024-07-09 at 11.49.42 AM.aac,80
1724602002,8,bjkx WmG,/run/media/sabari/SANDISK32GB/0e7b662362db06be7a26781b0723a20b.webm,89
1724602016,,,/run/media/sabari/SANDISK32GB/alhamdulillah/Homosexuality is NOT Haram？ (Brilliant Response) [y0U666Y_UoQ].webm,126
1724602028,8,bjkx WmG,/run/media/sabari/SANDISK32GB/0e7b662362db06be7a26781b0723a20b.webm,89
1724602036,,,/run/media/sabari/SANDISK32GB/Live Stitchless Circumcision Surgery With Stapler Procedure, Surat, Navsari, Mumbai, Nasik, Pune [cYFr1Khmf6w].webm,158
1725680973,,,/home/sabari/Videos/2024-09-07 09-19-03.mkv,56
1725721142,8,bjkx WmG,/run/media/sabari/SANDISK32GB/0e7b662362db06be7a26781b0723a20b.webm,89
1725721809,,,/run/media/sabari/SANDISK32GB/House, M.D. Season 1  (1080p BD x265 10bit FS86 Joy)/House, M.D. S01E08 Poison  (1080p x265 10bit Joy).mkv,149
1725721886,,,/run/media/sabari/SANDISK32GB/alhamdulillah/Homosexuality is NOT Haram？ (Brilliant Response) [y0U666Y_UoQ].webm,126
1725721932,,,/run/media/sabari/SANDISK32GB/alhamdulillah/sample_27a6a1557a101745e5a4e7a9046768e8.jpg,100
1725721933,,,/run/media/sabari/SANDISK32GB/alhamdulillah/sample_edd5e984dcf64d1ca06e00a18cee255f.jpg,100
1725722127,,,/run/media/sabari/SANDISK32GB/Live Stitchless Circumcision Surgery With Stapler Procedure, Surat, Navsari, Mumbai, Nasik, Pune [cYFr1Khmf6w].webm,158
1725722175,,,/run/media/sabari/SANDISK32GB/[CP] DaisyNiko's Earthy Recolour/assets/Buildings/Hay Pet Bowl.png,109
1725722176,,,/run/media/sabari/SANDISK32GB/[CP] DaisyNiko's Earthy Recolour/assets/Buildings/Pet Bowl.png,105
1725722177,,,/run/media/sabari/SANDISK32GB/[CP] DaisyNiko's Earthy Recolour/assets/Buildings/Shipping Bin.png,109
1725722178,,,/run/media/sabari/SANDISK32GB/[CP] DaisyNiko's Earthy Recolour/assets/Buildings/Stone Pet Bowl.png,111
1725722179,,,/run/media/sabari/SANDISK32GB/[CP] DaisyNiko's Earthy Recolour/assets/Characters/Marnie.png,104
1725722180,,,/run/media/sabari/SANDISK32GB/[CP] DaisyNiko's Earthy Recolour/assets/LooseSprites/Cursors.png,107
1725722181,,,/run/media/sabari/SANDISK32GB/[CP] DaisyNiko's Earthy Recolour/assets/LooseSprites/Cursors2.png,108
1725722182,,,/run/media/sabari/SANDISK32GB/[CP] DaisyNiko's Earthy Recolour/assets/LooseSprites/Cursors_1_6.png,111
1725722183,,,/run/media/sabari/SANDISK32GB/[CP] DaisyNiko's Earthy Recolour/assets/LooseSprites/Cursors_digSpot.png,115
1725722184,,,/run/media/sabari/SANDISK32GB/[CP] DaisyNiko's Earthy Recolour/assets/LooseSprites/Cursors_digSpot_winter.png,122
1727663950,,,/tmp/mozilla_sabari0/2023-07-31 18-25-28.mp4,57
1730291891,,,/home/sabari/Downloads/WhatsApp Video 2024-10-30 at 5.52.19 PM.mp4,79
1730291896,,,/home/sabari/Downloads/thing.mp4,45
1730291919,,,/home/sabari/Downloads/thing.mp4,45
1730291963,,,/home/sabari/Downloads/thing2.mp4,46
1730292024,,,/home/sabari/Downloads/WhatsApp Video 2024-10-29 at 3.42.57 PM.mp4,79
1730292041,,,/home/sabari/Downloads/WhatsApp Video 2024-10-29 at 3.42.57 PM.mp4,79
1730357247,,,/home/sabari/Downloads/thing2.mp4,46
